Iwfashion/app/build/intermediates/manifest_merge_blame_file/debug/manifest-merger-blame-debug-report.txt
1<?xml version="1.0" encoding="utf-8"?>
2<manifest xmlns:android="http://schemas.android.com/apk/res/android"
3    package="com.example.iw_fashion"
4    android:versionCode="1"
5    android:versionName="1.0" >
6
7    <uses-sdk
8        android:minSdkVersion="21"
8-->src\main\AndroidManifest.xml
9        android:targetSdkVersion="30" />
9-->src\main\AndroidManifest.xml
10
11    <uses-permission android:name="android.permission.INTERNET" />
11-->src\main\AndroidManifest.xml:5:5-67
11-->src\main\AndroidManifest.xml:5:22-64
12
13    <application
13-->src\main\AndroidManifest.xml:7:5-24:19
14        android:allowBackup="true"
14-->src\main\AndroidManifest.xml:8:9-35
15        android:appComponentFactory="androidx.core.app.CoreComponentFactory"
15-->[androidx.core:core:1.3.1] AndroidManifest.xml:24:18-86
16        android:debuggable="true"
17        android:icon="@mipmap/ic_launcher"
17-->src\main\AndroidManifest.xml:9:9-43
18        android:label="@string/app_name"
18-->src\main\AndroidManifest.xml:10:9-41
19        android:roundIcon="@mipmap/ic_launcher_iwfashion_round"
19-->src\main\AndroidManifest.xml:11:9-64
20        android:supportsRtl="true"
20-->src\main\AndroidManifest.xml:12:9-35
21        android:testOnly="true"
22        android:theme="@style/Theme.Iwfashion" >
22-->src\main\AndroidManifest.xml:13:9-47
23        <activity
23-->src\main\AndroidManifest.xml:14:9-20:20
24            android:name="com.example.iw_fashion.SplashGifActivity"
24-->src\main\AndroidManifest.xml:14:19-52
25            android:theme="@style/Theme.AppCompat.DayNight.NoActionBar" >
25-->src\main\AndroidManifest.xml:15:13-72
26            <intent-filter>
26-->src\main\AndroidManifest.xml:16:13-19:29
27                <action android:name="android.intent.action.MAIN" />
27-->src\main\AndroidManifest.xml:17:17-69
27-->src\main\AndroidManifest.xml:17:25-66
28
29                <category android:name="android.intent.category.LAUNCHER" />
29-->src\main\AndroidManifest.xml:18:17-77
29-->src\main\AndroidManifest.xml:18:27-74
30            </intent-filter>
31        </activity>
32        <activity
32-->src\main\AndroidManifest.xml:21:9-23:20
33            android:name="com.example.iw_fashion.MainActivity"
33-->src\main\AndroidManifest.xml:21:19-47
34            android:theme="@style/Theme.AppCompat.DayNight.NoActionBar" >
34-->src\main\AndroidManifest.xml:22:13-72
35        </activity>
36    </application>
37
38</manifest>